STEP to UG
! INFO-     NX STEP AP203 - V1926
! INFO-      
! INFO-     Start of Translation: 11-JAN-2021  10:02:58 PM
! INFO-      
! STATUS-   Converting Part: D:\DriveSync\Balloonz\GitSync\CAD\Electronics\bits3.2 v6.step
! SUMMARY-   
! SUMMARY-    STEP Header Information
! SUMMARY-   
! SUMMARY-  Description      Unknown
! SUMMARY-  Imp_Level        2;1
! SUMMARY-  File_Name        D:/DriveSync/Balloonz/GitSync/CAD/Electronics/bits3.2 v6.step
! SUMMARY-  Date             2021-01-11T22:01:01-05:00
! SUMMARY-  Author           Unknown
! SUMMARY-  Organization     Unknown
! SUMMARY-  Pre_Version      ST-DEVELOPER v18.1
! SUMMARY-  Orig_System      Autodesk Translation Framework v9.7.1.1290
! SUMMARY-  Authorization    Unknown
! SUMMARY-  Schema_ID        automotive_design
! SUMMARY-   
! SUMMARY-    Summary of STEP Entities
! SUMMARY-   
! SUMMARY-  Entity Type                                                   Count
! SUMMARY-  -----------                                                   ------
! SUMMARY-  advanced_face ..............................................:   1583
! SUMMARY-  application_context ........................................:      1
! SUMMARY-  axis2_placement_3d .........................................:   2260
! SUMMARY-  b_spline_curve_with_knots ..................................:      4
! SUMMARY-  b_spline_surface_with_knots ................................:      2
! SUMMARY-  brep_with_voids ............................................:      1
! SUMMARY-  cartesian_point ............................................:   8677
! SUMMARY-  circle .....................................................:    620
! SUMMARY-  closed_shell ...............................................:     21
! SUMMARY-  context_dependent_shape_representation .....................:     33
! SUMMARY-  cylindrical_surface ........................................:    309
! SUMMARY-  direction ..................................................:   8100
! SUMMARY-  edge_curve .................................................:   4208
! SUMMARY-  edge_loop ..................................................:   1873
! SUMMARY-  ellipse ....................................................:      4
! SUMMARY-  face_bound .................................................:    290
! SUMMARY-  face_outer_bound ...........................................:   1583
! SUMMARY-  geometric_representation_context_and_global_uncertainty_a ..:     22
! SUMMARY-  item_defined_transformation ................................:     33
! SUMMARY-  length_unit_and_si_unit ....................................:      1
! SUMMARY-  line .......................................................:   3580
! SUMMARY-  manifold_solid_brep ........................................:     18
! SUMMARY-  next_assembly_usage_occurrence .............................:     33
! SUMMARY-  oriented_closed_shell ......................................:      2
! SUMMARY-  oriented_edge ..............................................:   8416
! SUMMARY-  plane ......................................................:   1240
! SUMMARY-  plane_angle_unit_and_si_unit ...............................:      1
! SUMMARY-  product ....................................................:     21
! SUMMARY-  product_context ............................................:      1
! SUMMARY-  product_definition .........................................:     21
! SUMMARY-  product_definition_context .................................:      1
! SUMMARY-  product_definition_formation ...............................:     21
! SUMMARY-  product_definition_shape ...................................:     54
! SUMMARY-  product_related_product_category ...........................:     21
! SUMMARY-  representation_relationship_with_transformation_and_shape ..:     33
! SUMMARY-  shape_representation .......................................:     21
! SUMMARY-  si_unit_and_solid_angle_unit ...............................:      1
! SUMMARY-  spherical_surface ..........................................:     32
! SUMMARY-  uncertainty_measure_with_unit ..............................:     22
! SUMMARY-  vector .....................................................:   3580
! SUMMARY-  vertex_point ...............................................:   2733
! SUMMARY-                                                               -------
! SUMMARY-  Total                                                          49477
! STATUS-    
! STATUS-   Converting to Output Form (Phase 2 of 3): 11-JAN-2021 10:02:58 PM
! STATUS-    
! STATUS-    
! STATUS-   Generating UG geometry and placing them in parts
! STATUS-    
! STATUS-   Creating the UG part (Phase 3 of 3): 11-JAN-2021  10:03:01 PM
! INFO-     Filing Part ..: D:\DriveSync\Balloonz\GitSync\CAD\Electronics\53261-04
! SUMMARY-   
! SUMMARY-  Summary of Unigraphics Part Entities
! SUMMARY-   
! SUMMARY-  Entities Processed             Count
! SUMMARY-  ------------------             -----
! SUMMARY-  Solid .......................:     1
! SUMMARY-                                 -----
! SUMMARY-  Total                              1
! STATUS-   Creating the UG part (Phase 3 of 3): 11-JAN-2021  10:03:01 PM
! INFO-     Filing Part ..: D:\DriveSync\Balloonz\GitSync\CAD\Electronics\MICROCLASP_4
! SUMMARY-   
! SUMMARY-  Summary of Unigraphics Part Entities
! SUMMARY-   
! SUMMARY-  Entities Processed             Count
! SUMMARY-  ------------------             -----
! SUMMARY-  Solid .......................:     1
! SUMMARY-                                 -----
! SUMMARY-  Total                              1
! STATUS-   Creating the UG part (Phase 3 of 3): 11-JAN-2021  10:03:02 PM
! INFO-     Filing Part ..: D:\DriveSync\Balloonz\GitSync\CAD\Electronics\XBEE-PRO
! SUMMARY-   
! SUMMARY-  Summary of Unigraphics Part Entities
! SUMMARY-   
! SUMMARY-  Entities Processed             Count
! SUMMARY-  ------------------             -----
! SUMMARY-  Solid .......................:     1
! SUMMARY-                                 -----
! SUMMARY-  Total                              1
! STATUS-   Creating the UG part (Phase 3 of 3): 11-JAN-2021  10:03:02 PM
! INFO-     Filing Part ..: D:\DriveSync\Balloonz\GitSync\CAD\Electronics\DO-214AC
! SUMMARY-   
! SUMMARY-  Summary of Unigraphics Part Entities
! SUMMARY-   
! SUMMARY-  Entities Processed             Count
! SUMMARY-  ------------------             -----
! SUMMARY-  Solid .......................:     1
! SUMMARY-                                 -----
! SUMMARY-  Total                              1
! STATUS-   Creating the UG part (Phase 3 of 3): 11-JAN-2021  10:03:02 PM
! INFO-     Filing Part ..: D:\DriveSync\Balloonz\GitSync\CAD\Electronics\LMR16020
! SUMMARY-   
! SUMMARY-  Summary of Unigraphics Part Entities
! SUMMARY-   
! SUMMARY-  Entities Processed             Count
! SUMMARY-  ------------------             -----
! SUMMARY-  Solid .......................:     1
! SUMMARY-                                 -----
! SUMMARY-  Total                              1
! STATUS-   Creating the UG part (Phase 3 of 3): 11-JAN-2021  10:03:02 PM
! INFO-     Filing Part ..: D:\DriveSync\Balloonz\GitSync\CAD\Electronics\2.2 uF
! SUMMARY-   
! SUMMARY-  Summary of Unigraphics Part Entities
! SUMMARY-   
! SUMMARY-  Entities Processed             Count
! SUMMARY-  ------------------             -----
! SUMMARY-  Solid .......................:     1
! SUMMARY-                                 -----
! SUMMARY-  Total                              1
! STATUS-   Creating the UG part (Phase 3 of 3): 11-JAN-2021  10:03:02 PM
! INFO-     Filing Part ..: D:\DriveSync\Balloonz\GitSync\CAD\Electronics\10 uF
! SUMMARY-   
! SUMMARY-  Summary of Unigraphics Part Entities
! SUMMARY-   
! SUMMARY-  Entities Processed             Count
! SUMMARY-  ------------------             -----
! SUMMARY-  Solid .......................:     1
! SUMMARY-                                 -----
! SUMMARY-  Total                              1
! STATUS-   Creating the UG part (Phase 3 of 3): 11-JAN-2021  10:03:03 PM
! INFO-     Filing Part ..: D:\DriveSync\Balloonz\GitSync\CAD\Electronics\ASPI-6045S-560M-TCT-ND
! SUMMARY-   
! SUMMARY-  Summary of Unigraphics Part Entities
! SUMMARY-   
! SUMMARY-  Entities Processed             Count
! SUMMARY-  ------------------             -----
! SUMMARY-  Solid .......................:     1
! SUMMARY-                                 -----
! SUMMARY-  Total                              1
! STATUS-   Creating the UG part (Phase 3 of 3): 11-JAN-2021  10:03:03 PM
! INFO-     Filing Part ..: D:\DriveSync\Balloonz\GitSync\CAD\Electronics\MICRO_SD
! SUMMARY-   
! SUMMARY-  Summary of Unigraphics Part Entities
! SUMMARY-   
! SUMMARY-  Entities Processed             Count
! SUMMARY-  ------------------             -----
! SUMMARY-  Solid .......................:     1
! SUMMARY-                                 -----
! SUMMARY-  Total                              1
! STATUS-   Creating the UG part (Phase 3 of 3): 11-JAN-2021  10:03:03 PM
! INFO-     Filing Part ..: D:\DriveSync\Balloonz\GitSync\CAD\Electronics\RB520S30T1GOSCT-ND
! SUMMARY-   
! SUMMARY-  Summary of Unigraphics Part Entities
! SUMMARY-   
! SUMMARY-  Entities Processed             Count
! SUMMARY-  ------------------             -----
! SUMMARY-  Solid .......................:     1
! SUMMARY-                                 -----
! SUMMARY-  Total                              1
! STATUS-   Creating the UG part (Phase 3 of 3): 11-JAN-2021  10:03:03 PM
! INFO-     Filing Part ..: D:\DriveSync\Balloonz\GitSync\CAD\Electronics\0.2F
! SUMMARY-   
! SUMMARY-  Summary of Unigraphics Part Entities
! SUMMARY-   
! SUMMARY-  Entities Processed             Count
! SUMMARY-  ------------------             -----
! SUMMARY-  Solid .......................:     1
! SUMMARY-                                 -----
! SUMMARY-  Total                              1
! STATUS-   Creating the UG part (Phase 3 of 3): 11-JAN-2021  10:03:04 PM
! INFO-     Filing Part ..: D:\DriveSync\Balloonz\GitSync\CAD\Electronics\1.575GHz
! SUMMARY-   
! SUMMARY-  Summary of Unigraphics Part Entities
! SUMMARY-   
! SUMMARY-  Entities Processed             Count
! SUMMARY-  ------------------             -----
! SUMMARY-  Solid .......................:     1
! SUMMARY-                                 -----
! SUMMARY-  Total                              1
! STATUS-   Creating the UG part (Phase 3 of 3): 11-JAN-2021  10:03:04 PM
! INFO-     Filing Part ..: D:\DriveSync\Balloonz\GitSync\CAD\Electronics\22
! SUMMARY-   
! SUMMARY-  Summary of Unigraphics Part Entities
! SUMMARY-   
! SUMMARY-  Entities Processed             Count
! SUMMARY-  ------------------             -----
! SUMMARY-  Solid .......................:     1
! SUMMARY-                                 -----
! SUMMARY-  Total                              1
! STATUS-   Creating the UG part (Phase 3 of 3): 11-JAN-2021  10:03:04 PM
! INFO-     Filing Part ..: D:\DriveSync\Balloonz\GitSync\CAD\Electronics\MAX-M8
! SUMMARY-   
! SUMMARY-  Summary of Unigraphics Part Entities
! SUMMARY-   
! SUMMARY-  Entities Processed             Count
! SUMMARY-  ------------------             -----
! SUMMARY-  Solid .......................:     1
! SUMMARY-                                 -----
! SUMMARY-  Total                              1
! STATUS-   Creating the UG part (Phase 3 of 3): 11-JAN-2021  10:03:04 PM
! INFO-     Filing Part ..: D:\DriveSync\Balloonz\GitSync\CAD\Electronics\Red
! SUMMARY-   
! SUMMARY-  Summary of Unigraphics Part Entities
! SUMMARY-   
! SUMMARY-  Entities Processed             Count
! SUMMARY-  ------------------             -----
! SUMMARY-  Solid .......................:     1
! SUMMARY-                                 -----
! SUMMARY-  Total                              1
! STATUS-   Creating the UG part (Phase 3 of 3): 11-JAN-2021  10:03:04 PM
! INFO-     Filing Part ..: D:\DriveSync\Balloonz\GitSync\CAD\Electronics\470
! SUMMARY-   
! SUMMARY-  Summary of Unigraphics Part Entities
! SUMMARY-   
! SUMMARY-  Entities Processed             Count
! SUMMARY-  ------------------             -----
! SUMMARY-  Solid .......................:     1
! SUMMARY-                                 -----
! SUMMARY-  Total                              1
! STATUS-   Creating the UG part (Phase 3 of 3): 11-JAN-2021  10:03:04 PM
! INFO-     Filing Part ..: D:\DriveSync\Balloonz\GitSync\CAD\Electronics\53398-10
! SUMMARY-   
! SUMMARY-  Summary of Unigraphics Part Entities
! SUMMARY-   
! SUMMARY-  Entities Processed             Count
! SUMMARY-  ------------------             -----
! SUMMARY-  Solid .......................:     1
! SUMMARY-                                 -----
! SUMMARY-  Total                              1
! STATUS-   Creating the UG part (Phase 3 of 3): 11-JAN-2021  10:03:05 PM
! INFO-     Filing Part ..: D:\DriveSync\Balloonz\GitSync\CAD\Electronics\TEENSY_3.1-3.2_OUTER_ROW
! SUMMARY-   
! SUMMARY-  Summary of Unigraphics Part Entities
! SUMMARY-   
! SUMMARY-  Entities Processed             Count
! SUMMARY-  ------------------             -----
! SUMMARY-  Solid .......................:     1
! SUMMARY-                                 -----
! SUMMARY-  Total                              1
! STATUS-   Creating the UG part (Phase 3 of 3): 11-JAN-2021  10:03:05 PM
! INFO-     Filing Part ..: D:\DriveSync\Balloonz\GitSync\CAD\Electronics\Board50004
! SUMMARY-   
! SUMMARY-  Summary of Unigraphics Part Entities
! SUMMARY-   
! SUMMARY-  Entities Processed             Count
! SUMMARY-  ------------------             -----
! SUMMARY-  Solid .......................:     1
! SUMMARY-                                 -----
! SUMMARY-  Total                              1
! STATUS-   Creating the UG part (Phase 3 of 3): 11-JAN-2021  10:03:05 PM
! INFO-     Filing Part ..: D:\DriveSync\Balloonz\GitSync\CAD\Electronics\PCB Component
! SUMMARY-   
! SUMMARY-  Summary of Unigraphics Part Entities
! SUMMARY-   
! SUMMARY-  Entities Processed             Count
! SUMMARY-  ------------------             -----
! SUMMARY-  Component ...................:    32
! SUMMARY-                                 -----
! SUMMARY-  Total                             32
! STATUS-   Creating the UG part (Phase 3 of 3): 11-JAN-2021  10:03:05 PM
! INFO-     Filing Part ..: D:\DriveSync\Balloonz\GitSync\CAD\Electronics\bits3.2 v6.prt
! SUMMARY-   
! SUMMARY-  Summary of Unigraphics Part Entities
! SUMMARY-   
! SUMMARY-  Entities Processed             Count
! SUMMARY-  ------------------             -----
! SUMMARY-  Component ...................:     1
! SUMMARY-                                 -----
! SUMMARY-  Total                              1
! INFO-      
! INFO-     Total number of solids input for this translation       :        19
! INFO-      
! INFO-     Number of solids created without body validation faults :        19
! INFO-      
! INFO-     Number of solids created with body validation fault(s)  :         0
! INFO-      
! INFO-     Number of solids ending up as sheet bodies              :         0
! INFO-      
! INFO-     End of Translation: 11-JAN-2021  10:03:06 PM
! INFO-      
STEP to UG
! INFO-     NX STEP AP214 - V1926
! INFO-      
! INFO-     Start of Translation: 11-JAN-2021  10:06:48 PM
! INFO-      
! STATUS-   Converting Part: D:\DriveSync\Balloonz\GitSync\CAD\Electronics\bits3.2 v6.step
! SUMMARY-   
! SUMMARY-    STEP Header Information
! SUMMARY-   
! SUMMARY-  Description      Unknown
! SUMMARY-  Imp_Level        2;1
! SUMMARY-  File_Name        D:/DriveSync/Balloonz/GitSync/CAD/Electronics/bits3.2 v6.step
! SUMMARY-  Date             2021-01-11T22:01:01-05:00
! SUMMARY-  Author           Unknown
! SUMMARY-  Organization     Unknown
! SUMMARY-  Pre_Version      ST-DEVELOPER v18.1
! SUMMARY-  Orig_System      Autodesk Translation Framework v9.7.1.1290
! SUMMARY-  Authorization    Unknown
! SUMMARY-  Schema_ID        automotive_design
! SUMMARY-   
! SUMMARY-    Summary of STEP Entities
! SUMMARY-   
! SUMMARY-  Entity Type                                                   Count
! SUMMARY-  -----------                                                   ------
! SUMMARY-  advanced_face ..............................................:   1583
! SUMMARY-  application_context ........................................:      1
! SUMMARY-  axis2_placement_3d .........................................:   2260
! SUMMARY-  b_spline_curve_with_knots ..................................:      4
! SUMMARY-  b_spline_surface_with_knots ................................:      2
! SUMMARY-  brep_with_voids ............................................:      1
! SUMMARY-  cartesian_point ............................................:   8677
! SUMMARY-  circle .....................................................:    620
! SUMMARY-  closed_shell ...............................................:     21
! SUMMARY-  context_dependent_shape_representation .....................:     33
! SUMMARY-  cylindrical_surface ........................................:    309
! SUMMARY-  direction ..................................................:   8100
! SUMMARY-  edge_curve .................................................:   4208
! SUMMARY-  edge_loop ..................................................:   1873
! SUMMARY-  ellipse ....................................................:      4
! SUMMARY-  face_bound .................................................:    290
! SUMMARY-  face_outer_bound ...........................................:   1583
! SUMMARY-  geometric_representation_context_and_global_uncertainty_a ..:     22
! SUMMARY-  item_defined_transformation ................................:     33
! SUMMARY-  length_unit_and_si_unit ....................................:      1
! SUMMARY-  line .......................................................:   3580
! SUMMARY-  manifold_solid_brep ........................................:     18
! SUMMARY-  next_assembly_usage_occurrence .............................:     33
! SUMMARY-  oriented_closed_shell ......................................:      2
! SUMMARY-  oriented_edge ..............................................:   8416
! SUMMARY-  plane ......................................................:   1240
! SUMMARY-  plane_angle_unit_and_si_unit ...............................:      1
! SUMMARY-  product ....................................................:     21
! SUMMARY-  product_context ............................................:      1
! SUMMARY-  product_definition .........................................:     21
! SUMMARY-  product_definition_context .................................:      1
! SUMMARY-  product_definition_formation ...............................:     21
! SUMMARY-  product_definition_shape ...................................:     54
! SUMMARY-  product_related_product_category ...........................:     21
! SUMMARY-  representation_relationship_with_transformation_and_shape ..:     33
! SUMMARY-  shape_representation .......................................:     21
! SUMMARY-  si_unit_and_solid_angle_unit ...............................:      1
! SUMMARY-  spherical_surface ..........................................:     32
! SUMMARY-  uncertainty_measure_with_unit ..............................:     22
! SUMMARY-  vector .....................................................:   3580
! SUMMARY-  vertex_point ...............................................:   2733
! SUMMARY-                                                               -------
! SUMMARY-  Total                                                          49477
! STATUS-    
! STATUS-   Converting to Output Form (Phase 2 of 3): 11-JAN-2021 10:06:48 PM
! STATUS-    
! STATUS-    
! STATUS-   Generating UG geometry and placing them in parts
! STATUS-    
! STATUS-   Creating the UG part (Phase 3 of 3): 11-JAN-2021  10:06:51 PM
! INFO-     Filing Part ..: D:\DriveSync\Balloonz\GitSync\CAD\Electronics\53261-0450022
! SUMMARY-   
! SUMMARY-  Summary of Unigraphics Part Entities
! SUMMARY-   
! SUMMARY-  Entities Processed             Count
! SUMMARY-  ------------------             -----
! SUMMARY-  Coordinate System ...........:     1
! SUMMARY-  Solid .......................:     1
! SUMMARY-                                 -----
! SUMMARY-  Total                              2
! STATUS-   Creating the UG part (Phase 3 of 3): 11-JAN-2021  10:06:51 PM
! INFO-     Filing Part ..: D:\DriveSync\Balloonz\GitSync\CAD\Electronics\MICROCLASP_450021
! SUMMARY-   
! SUMMARY-  Summary of Unigraphics Part Entities
! SUMMARY-   
! SUMMARY-  Entities Processed             Count
! SUMMARY-  ------------------             -----
! SUMMARY-  Coordinate System ...........:     1
! SUMMARY-  Solid .......................:     1
! SUMMARY-                                 -----
! SUMMARY-  Total                              2
! STATUS-   Creating the UG part (Phase 3 of 3): 11-JAN-2021  10:06:51 PM
! INFO-     Filing Part ..: D:\DriveSync\Balloonz\GitSync\CAD\Electronics\XBEE-PRO50020
! SUMMARY-   
! SUMMARY-  Summary of Unigraphics Part Entities
! SUMMARY-   
! SUMMARY-  Entities Processed             Count
! SUMMARY-  ------------------             -----
! SUMMARY-  Coordinate System ...........:     1
! SUMMARY-  Solid .......................:     1
! SUMMARY-                                 -----
! SUMMARY-  Total                              2
! STATUS-   Creating the UG part (Phase 3 of 3): 11-JAN-2021  10:06:51 PM
! INFO-     Filing Part ..: D:\DriveSync\Balloonz\GitSync\CAD\Electronics\DO-214AC50019
! SUMMARY-   
! SUMMARY-  Summary of Unigraphics Part Entities
! SUMMARY-   
! SUMMARY-  Entities Processed             Count
! SUMMARY-  ------------------             -----
! SUMMARY-  Coordinate System ...........:     1
! SUMMARY-  Solid .......................:     1
! SUMMARY-                                 -----
! SUMMARY-  Total                              2
! STATUS-   Creating the UG part (Phase 3 of 3): 11-JAN-2021  10:06:52 PM
! INFO-     Filing Part ..: D:\DriveSync\Balloonz\GitSync\CAD\Electronics\LMR1602050018
! SUMMARY-   
! SUMMARY-  Summary of Unigraphics Part Entities
! SUMMARY-   
! SUMMARY-  Entities Processed             Count
! SUMMARY-  ------------------             -----
! SUMMARY-  Coordinate System ...........:     1
! SUMMARY-  Solid .......................:     1
! SUMMARY-                                 -----
! SUMMARY-  Total                              2
! STATUS-   Creating the UG part (Phase 3 of 3): 11-JAN-2021  10:06:52 PM
! INFO-     Filing Part ..: D:\DriveSync\Balloonz\GitSync\CAD\Electronics\2.2 uF50017
! SUMMARY-   
! SUMMARY-  Summary of Unigraphics Part Entities
! SUMMARY-   
! SUMMARY-  Entities Processed             Count
! SUMMARY-  ------------------             -----
! SUMMARY-  Coordinate System ...........:     1
! SUMMARY-  Solid .......................:     1
! SUMMARY-                                 -----
! SUMMARY-  Total                              2
! STATUS-   Creating the UG part (Phase 3 of 3): 11-JAN-2021  10:06:52 PM
! INFO-     Filing Part ..: D:\DriveSync\Balloonz\GitSync\CAD\Electronics\10 uF50016
! SUMMARY-   
! SUMMARY-  Summary of Unigraphics Part Entities
! SUMMARY-   
! SUMMARY-  Entities Processed             Count
! SUMMARY-  ------------------             -----
! SUMMARY-  Coordinate System ...........:     1
! SUMMARY-  Solid .......................:     1
! SUMMARY-                                 -----
! SUMMARY-  Total                              2
! STATUS-   Creating the UG part (Phase 3 of 3): 11-JAN-2021  10:06:52 PM
! INFO-     Filing Part ..: D:\DriveSync\Balloonz\GitSync\CAD\Electronics\ASPI-6045S-560M-TCT-ND50015
! SUMMARY-   
! SUMMARY-  Summary of Unigraphics Part Entities
! SUMMARY-   
! SUMMARY-  Entities Processed             Count
! SUMMARY-  ------------------             -----
! SUMMARY-  Coordinate System ...........:     1
! SUMMARY-  Solid .......................:     1
! SUMMARY-                                 -----
! SUMMARY-  Total                              2
! STATUS-   Creating the UG part (Phase 3 of 3): 11-JAN-2021  10:06:53 PM
! INFO-     Filing Part ..: D:\DriveSync\Balloonz\GitSync\CAD\Electronics\MICRO_SD50014
! SUMMARY-   
! SUMMARY-  Summary of Unigraphics Part Entities
! SUMMARY-   
! SUMMARY-  Entities Processed             Count
! SUMMARY-  ------------------             -----
! SUMMARY-  Coordinate System ...........:     1
! SUMMARY-  Solid .......................:     1
! SUMMARY-                                 -----
! SUMMARY-  Total                              2
! STATUS-   Creating the UG part (Phase 3 of 3): 11-JAN-2021  10:06:53 PM
! INFO-     Filing Part ..: D:\DriveSync\Balloonz\GitSync\CAD\Electronics\RB520S30T1GOSCT-ND50013
! SUMMARY-   
! SUMMARY-  Summary of Unigraphics Part Entities
! SUMMARY-   
! SUMMARY-  Entities Processed             Count
! SUMMARY-  ------------------             -----
! SUMMARY-  Coordinate System ...........:     1
! SUMMARY-  Solid .......................:     1
! SUMMARY-                                 -----
! SUMMARY-  Total                              2
! STATUS-   Creating the UG part (Phase 3 of 3): 11-JAN-2021  10:06:53 PM
! INFO-     Filing Part ..: D:\DriveSync\Balloonz\GitSync\CAD\Electronics\0.2F50012
! SUMMARY-   
! SUMMARY-  Summary of Unigraphics Part Entities
! SUMMARY-   
! SUMMARY-  Entities Processed             Count
! SUMMARY-  ------------------             -----
! SUMMARY-  Coordinate System ...........:     1
! SUMMARY-  Solid .......................:     1
! SUMMARY-                                 -----
! SUMMARY-  Total                              2
! STATUS-   Creating the UG part (Phase 3 of 3): 11-JAN-2021  10:06:53 PM
! INFO-     Filing Part ..: D:\DriveSync\Balloonz\GitSync\CAD\Electronics\1.575GHz50011
! SUMMARY-   
! SUMMARY-  Summary of Unigraphics Part Entities
! SUMMARY-   
! SUMMARY-  Entities Processed             Count
! SUMMARY-  ------------------             -----
! SUMMARY-  Coordinate System ...........:     1
! SUMMARY-  Solid .......................:     1
! SUMMARY-                                 -----
! SUMMARY-  Total                              2
! STATUS-   Creating the UG part (Phase 3 of 3): 11-JAN-2021  10:06:54 PM
! INFO-     Filing Part ..: D:\DriveSync\Balloonz\GitSync\CAD\Electronics\2250010
! SUMMARY-   
! SUMMARY-  Summary of Unigraphics Part Entities
! SUMMARY-   
! SUMMARY-  Entities Processed             Count
! SUMMARY-  ------------------             -----
! SUMMARY-  Coordinate System ...........:     1
! SUMMARY-  Solid .......................:     1
! SUMMARY-                                 -----
! SUMMARY-  Total                              2
! STATUS-   Creating the UG part (Phase 3 of 3): 11-JAN-2021  10:06:54 PM
! INFO-     Filing Part ..: D:\DriveSync\Balloonz\GitSync\CAD\Electronics\MAX-M850009
! SUMMARY-   
! SUMMARY-  Summary of Unigraphics Part Entities
! SUMMARY-   
! SUMMARY-  Entities Processed             Count
! SUMMARY-  ------------------             -----
! SUMMARY-  Coordinate System ...........:     1
! SUMMARY-  Solid .......................:     1
! SUMMARY-                                 -----
! SUMMARY-  Total                              2
! STATUS-   Creating the UG part (Phase 3 of 3): 11-JAN-2021  10:06:54 PM
! INFO-     Filing Part ..: D:\DriveSync\Balloonz\GitSync\CAD\Electronics\Red50008
! SUMMARY-   
! SUMMARY-  Summary of Unigraphics Part Entities
! SUMMARY-   
! SUMMARY-  Entities Processed             Count
! SUMMARY-  ------------------             -----
! SUMMARY-  Coordinate System ...........:     1
! SUMMARY-  Solid .......................:     1
! SUMMARY-                                 -----
! SUMMARY-  Total                              2
! STATUS-   Creating the UG part (Phase 3 of 3): 11-JAN-2021  10:06:54 PM
! INFO-     Filing Part ..: D:\DriveSync\Balloonz\GitSync\CAD\Electronics\47050007
! SUMMARY-   
! SUMMARY-  Summary of Unigraphics Part Entities
! SUMMARY-   
! SUMMARY-  Entities Processed             Count
! SUMMARY-  ------------------             -----
! SUMMARY-  Coordinate System ...........:     1
! SUMMARY-  Solid .......................:     1
! SUMMARY-                                 -----
! SUMMARY-  Total                              2
! STATUS-   Creating the UG part (Phase 3 of 3): 11-JAN-2021  10:06:54 PM
! INFO-     Filing Part ..: D:\DriveSync\Balloonz\GitSync\CAD\Electronics\53398-1050006
! SUMMARY-   
! SUMMARY-  Summary of Unigraphics Part Entities
! SUMMARY-   
! SUMMARY-  Entities Processed             Count
! SUMMARY-  ------------------             -----
! SUMMARY-  Coordinate System ...........:     1
! SUMMARY-  Solid .......................:     1
! SUMMARY-                                 -----
! SUMMARY-  Total                              2
! STATUS-   Creating the UG part (Phase 3 of 3): 11-JAN-2021  10:06:54 PM
! INFO-     Filing Part ..: D:\DriveSync\Balloonz\GitSync\CAD\Electronics\TEENSY_3.1-3.2_OUTER_ROW50005
! SUMMARY-   
! SUMMARY-  Summary of Unigraphics Part Entities
! SUMMARY-   
! SUMMARY-  Entities Processed             Count
! SUMMARY-  ------------------             -----
! SUMMARY-  Coordinate System ...........:     1
! SUMMARY-  Solid .......................:     1
! SUMMARY-                                 -----
! SUMMARY-  Total                              2
! STATUS-   Creating the UG part (Phase 3 of 3): 11-JAN-2021  10:06:55 PM
! INFO-     Filing Part ..: D:\DriveSync\Balloonz\GitSync\CAD\Electronics\PCB Component50003
! SUMMARY-   
! SUMMARY-  Summary of Unigraphics Part Entities
! SUMMARY-   
! SUMMARY-  Entities Processed             Count
! SUMMARY-  ------------------             -----
! SUMMARY-  Group .......................:    32
! SUMMARY-  Coordinate System ...........:    33
! SUMMARY-                                 -----
! SUMMARY-  Total                             65
! STATUS-   Creating the UG part (Phase 3 of 3): 11-JAN-2021  10:07:00 PM
! INFO-     Filing Part ..: D:\DriveSync\Balloonz\GitSync\CAD\Electronics\bits3.2 v6.prt
! SUMMARY-   
! SUMMARY-  Summary of Unigraphics Part Entities
! SUMMARY-   
! SUMMARY-  Entities Processed             Count
! SUMMARY-  ------------------             -----
! SUMMARY-  Group .......................:     1
! SUMMARY-  Coordinate System ...........:     2
! SUMMARY-                                 -----
! SUMMARY-  Total                              3
! INFO-      
! INFO-     Total number of solids input for this translation       :        18
! INFO-      
! INFO-     Number of solids created without body validation faults :        18
! INFO-      
! INFO-     Number of solids created with body validation fault(s)  :         0
! INFO-      
! INFO-     Number of solids ending up as sheet bodies              :         0
! INFO-      
! INFO-     End of Translation: 11-JAN-2021  10:07:02 PM
! INFO-      
